<?xml version="1.0" encoding="UTF-8"?>
<!-- Generated by org.testng.reporters.JUnitXMLReporter -->
<testsuite ignored="0" hostname="DESKTOP-K11A72G" failures="0" tests="6" name="Test" time="11.142" errors="0" timestamp="2023-01-24T16:38:17 AEDT">
  <testcase classname="testNGListeners.DemoLisTC" name="test1" time="0.01"/>
  <testcase classname="testNGListeners.DemoLisTC" name="test2" time="0.007"/>
  <testcase classname="testNGListeners.DemoLisTC" name="test4" time="0.004"/>
  <testcase classname="testNGListeners.DemoLisTC" name="test4" time="0.005"/>
  <testcase classname="testNGListeners.DemoLisTC" name="test4" time="0.002"/>
  <testcase classname="testNGListeners.DemoLisTC" name="test3" time="0.005"/>
</testsuite> <!-- Test -->
